  PFMain.cpp
C:\Users\espin\OneDrive\Documentos\Semestre_2023\CGIHC\Final_Teoria\ProyectoFinal\ProyectoFinal\PFMain.cpp(117,19): warning C4018: '<': no coinciden signed/unsigned
C:\Users\espin\OneDrive\Documentos\Semestre_2023\CGIHC\Final_Teoria\ProyectoFinal\ProyectoFinal\PFMain.cpp(743,24): warning C4244: 'inicializando': conversión de 'double' a 'GLfloat'; posible pérdida de datos
C:\Users\espin\OneDrive\Documentos\Semestre_2023\CGIHC\Final_Teoria\ProyectoFinal\ProyectoFinal\PFMain.cpp(869,36): warning C4244: 'argumento': conversión de 'double' a 'const float'; posible pérdida de datos
C:\Users\espin\OneDrive\Documentos\Semestre_2023\CGIHC\Final_Teoria\ProyectoFinal\ProyectoFinal\PFMain.cpp(1131,11): warning C4244: '=': conversión de 'double' a 'GLfloat'; posible pérdida de datos
C:\Users\espin\OneDrive\Documentos\Semestre_2023\CGIHC\Final_Teoria\ProyectoFinal\ProyectoFinal\PFMain.cpp(1132,11): warning C4244: '=': conversión de 'double' a 'GLfloat'; posible pérdida de datos
C:\Users\espin\OneDrive\Documentos\Semestre_2023\CGIHC\Final_Teoria\ProyectoFinal\ProyectoFinal\PFMain.cpp(1135,18): warning C4244: 'inicializando': conversión de 'double' a 'GLfloat'; posible pérdida de datos
C:\Users\espin\OneDrive\Documentos\Semestre_2023\CGIHC\Final_Teoria\ProyectoFinal\ProyectoFinal\PFMain.cpp(1136,18): warning C4244: 'inicializando': conversión de 'double' a 'GLfloat'; posible pérdida de datos
C:\Users\espin\OneDrive\Documentos\Semestre_2023\CGIHC\Final_Teoria\ProyectoFinal\ProyectoFinal\PFMain.cpp(1137,10): warning C4244: '=': conversión de 'double' a 'GLfloat'; posible pérdida de datos
C:\Users\espin\OneDrive\Documentos\Semestre_2023\CGIHC\Final_Teoria\ProyectoFinal\ProyectoFinal\PFMain.cpp(1138,10): warning C4244: '=': conversión de 'double' a 'GLfloat'; posible pérdida de datos
soil2-debug.lib(SOIL2.obj) : warning LNK4075: se omite '/EDITANDCONTINUE' debido a la especificación '/OPT:ICF'
LINK : warning LNK4098: la biblioteca predeterminada'MSVCRTD' entra en conflicto con otras bibliotecas; use la biblioteca /NODEFAULTLIB:biblioteca
  Generando código
  15 of 853 functions ( 1.8%) were compiled, the rest were copied from previous compilation.
    1 functions were new in current compilation
    15 functions had inline decision re-evaluated but remain unchanged
  Generación de código finalizada
soil2-debug.lib(etc1_utils.obj) : warning LNK4099: no se encontró PDB '' con 'soil2-debug.lib(etc1_utils.obj)' o en ''; se vinculará el objeto sin tener en cuenta información de depuración
soil2-debug.lib(image_DXT.obj) : warning LNK4099: no se encontró PDB 'soil2-debug.pdb' con 'soil2-debug.lib(image_DXT.obj)' o en 'C:\Users\espin\OneDrive\Documentos\Semestre_2023\CGIHC\Final_Teoria\ProyectoFinal\Release\soil2-debug.pdb'; se vinculará el objeto sin tener en cuenta información de depuración
soil2-debug.lib(image_helper.obj) : warning LNK4099: no se encontró PDB '' con 'soil2-debug.lib(image_helper.obj)' o en ''; se vinculará el objeto sin tener en cuenta información de depuración
soil2-debug.lib(SOIL2.obj) : warning LNK4099: no se encontró PDB 'soil2-debug.pdb' con 'soil2-debug.lib(SOIL2.obj)' o en 'C:\Users\espin\OneDrive\Documentos\Semestre_2023\CGIHC\Final_Teoria\ProyectoFinal\Release\soil2-debug.pdb'; se vinculará el objeto sin tener en cuenta información de depuración
  ProyectoFinal.vcxproj -> C:\Users\espin\OneDrive\Documentos\Semestre_2023\CGIHC\Final_Teoria\ProyectoFinal\Release\ProyectoFinal.exe
